<?xml version="1.0" encoding="UTF-8"?>
<testng-results ignored="0" total="1" passed="1" failed="0" skipped="0">
  <reporter-output>
  </reporter-output>
  <suite started-at="2022-06-09T13:39:44 IST" name="Default suite" finished-at="2022-06-09T13:39:50 IST" duration-ms="6034">
    <groups>
    </groups>
    <test started-at="2022-06-09T13:39:44 IST" name="Default test" finished-at="2022-06-09T13:39:50 IST" duration-ms="6034">
      <class name="pet.POSTUploadImage">
        <test-method signature="UploadImage()[pri:0, instance:pet.POSTUploadImage@49dc7102]" started-at="2022-06-09T13:39:44 IST" name="UploadImage" finished-at="2022-06-09T13:39:50 IST" duration-ms="6002" status="PASS">
          <reporter-output>
          </reporter-output>
        </test-method> <!-- UploadImage -->
      </class> <!-- pet.POSTUploadImage -->
    </test> <!-- Default test -->
  </suite> <!-- Default suite -->
</testng-results>
